{"/mnt/c/users/mohan/vscode/capstone-project-2024-t3-3900h15amusketeers/flashcards/src/cardResolvers.ts": {"path":"/mnt/c/users/mohan/vscode/capstone-project-2024-t3-3900h15amusketeers/flashcards/src/cardResolvers.ts","statementMap":{"0":{"start":{"line":2,"column":0},"end":{"line":2,"column":71}},"1":{"start":{"line":7,"column":0},"end":{"line":7,"column":79}},"2":{"start":{"line":8,"column":0},"end":{"line":8,"column":103}},"3":{"start":{"line":12,"column":31},"end":{"line":45,"column":2}},"4":{"start":{"line":12,"column":62},"end":{"line":45,"column":2}},"5":{"start":{"line":13,"column":40},"end":{"line":13,"column":51}},"6":{"start":{"line":14,"column":20},"end":{"line":14,"column":41}},"7":{"start":{"line":16,"column":2},"end":{"line":21,"column":3}},"8":{"start":{"line":17,"column":4},"end":{"line":20,"column":6}},"9":{"start":{"line":24,"column":2},"end":{"line":24,"column":26}},"10":{"start":{"line":25,"column":15},"end":{"line":25,"column":43}},"11":{"start":{"line":27,"column":17},"end":{"line":27,"column":36}},"12":{"start":{"line":28,"column":15},"end":{"line":36,"column":4}},"13":{"start":{"line":38,"column":2},"end":{"line":38,"column":34}},"14":{"start":{"line":40,"column":2},"end":{"line":44,"column":4}},"15":{"start":{"line":12,"column":13},"end":{"line":12,"column":31}},"16":{"start":{"line":48,"column":31},"end":{"line":105,"column":2}},"17":{"start":{"line":48,"column":62},"end":{"line":105,"column":2}},"18":{"start":{"line":49,"column":51},"end":{"line":49,"column":70}},"19":{"start":{"line":51,"column":23},"end":{"line":51,"column":64}},"20":{"start":{"line":52,"column":2},"end":{"line":57,"column":3}},"21":{"start":{"line":53,"column":4},"end":{"line":56,"column":6}},"22":{"start":{"line":59,"column":2},"end":{"line":64,"column":3}},"23":{"start":{"line":60,"column":4},"end":{"line":63,"column":null}},"24":{"start":{"line":66,"column":2},"end":{"line":71,"column":3}},"25":{"start":{"line":67,"column":4},"end":{"line":70,"column":6}},"26":{"start":{"line":73,"column":19},"end":{"line":77,"column":null}},"27":{"start":{"line":80,"column":2},"end":{"line":80,"column":37}},"28":{"start":{"line":84,"column":22},"end":{"line":84,"column":84}},"29":{"start":{"line":85,"column":2},"end":{"line":90,"column":3}},"30":{"start":{"line":86,"column":4},"end":{"line":89,"column":6}},"31":{"start":{"line":92,"column":2},"end":{"line":99,"column":3}},"32":{"start":{"line":93,"column":17},"end":{"line":93,"column":30}},"33":{"start":{"line":94,"column":22},"end":{"line":94,"column":61}},"34":{"start":{"line":94,"column":49},"end":{"line":94,"column":60}},"35":{"start":{"line":95,"column":4},"end":{"line":98,"column":5}},"36":{"start":{"line":96,"column":6},"end":{"line":96,"column":42}},"37":{"start":{"line":97,"column":6},"end":{"line":97,"column":39}},"38":{"start":{"line":101,"column":2},"end":{"line":104,"column":4}},"39":{"start":{"line":48,"column":13},"end":{"line":48,"column":31}},"40":{"start":{"line":108,"column":31},"end":{"line":150,"column":2}},"41":{"start":{"line":108,"column":62},"end":{"line":150,"column":2}},"42":{"start":{"line":109,"column":21},"end":{"line":109,"column":32}},"43":{"start":{"line":111,"column":15},"end":{"line":111,"column":40}},"44":{"start":{"line":112,"column":2},"end":{"line":117,"column":3}},"45":{"start":{"line":113,"column":4},"end":{"line":116,"column":6}},"46":{"start":{"line":119,"column":2},"end":{"line":124,"column":3}},"47":{"start":{"line":120,"column":4},"end":{"line":123,"column":null}},"48":{"start":{"line":126,"column":16},"end":{"line":126,"column":56}},"49":{"start":{"line":127,"column":2},"end":{"line":130,"column":3}},"50":{"start":{"line":128,"column":4},"end":{"line":128,"column":60}},"51":{"start":{"line":128,"column":45},"end":{"line":128,"column":58}},"52":{"start":{"line":129,"column":4},"end":{"line":129,"column":37}},"53":{"start":{"line":132,"column":15},"end":{"line":132,"column":53}},"54":{"start":{"line":133,"column":2},"end":{"line":136,"column":3}},"55":{"start":{"line":134,"column":4},"end":{"line":134,"column":58}},"56":{"start":{"line":134,"column":43},"end":{"line":134,"column":56}},"57":{"start":{"line":135,"column":4},"end":{"line":135,"column":35}},"58":{"start":{"line":138,"column":15},"end":{"line":138,"column":44}},"59":{"start":{"line":139,"column":2},"end":{"line":142,"column":3}},"60":{"start":{"line":140,"column":4},"end":{"line":140,"column":70}},"61":{"start":{"line":140,"column":55},"end":{"line":140,"column":68}},"62":{"start":{"line":141,"column":4},"end":{"line":141,"column":37}},"63":{"start":{"line":144,"column":2},"end":{"line":144,"column":31}},"64":{"start":{"line":146,"column":2},"end":{"line":149,"column":4}},"65":{"start":{"line":108,"column":13},"end":{"line":108,"column":31}},"66":{"start":{"line":153,"column":28},"end":{"line":168,"column":2}},"67":{"start":{"line":153,"column":59},"end":{"line":168,"column":2}},"68":{"start":{"line":154,"column":21},"end":{"line":154,"column":32}},"69":{"start":{"line":156,"column":15},"end":{"line":156,"column":60}},"70":{"start":{"line":157,"column":2},"end":{"line":162,"column":3}},"71":{"start":{"line":158,"column":4},"end":{"line":161,"column":6}},"72":{"start":{"line":164,"column":2},"end":{"line":167,"column":4}},"73":{"start":{"line":153,"column":13},"end":{"line":153,"column":28}},"74":{"start":{"line":186,"column":32},"end":{"line":214,"column":2}},"75":{"start":{"line":186,"column":63},"end":{"line":214,"column":2}},"76":{"start":{"line":187,"column":19},"end":{"line":187,"column":53}},"77":{"start":{"line":197,"column":18},"end":{"line":197,"column":51}},"78":{"start":{"line":199,"column":41},"end":{"line":199,"column":43}},"79":{"start":{"line":200,"column":2},"end":{"line":207,"column":5}},"80":{"start":{"line":201,"column":4},"end":{"line":206,"column":7}},"81":{"start":{"line":202,"column":6},"end":{"line":204,"column":7}},"82":{"start":{"line":203,"column":8},"end":{"line":203,"column":29}},"83":{"start":{"line":205,"column":6},"end":{"line":205,"column":32}},"84":{"start":{"line":209,"column":2},"end":{"line":213,"column":4}},"85":{"start":{"line":186,"column":13},"end":{"line":186,"column":32}}},"fnMap":{"0":{"name":"(anonymous_7)","decl":{"start":{"line":12,"column":31},"end":{"line":12,"column":38}},"loc":{"start":{"line":12,"column":62},"end":{"line":45,"column":2}}},"1":{"name":"(anonymous_8)","decl":{"start":{"line":12,"column":62},"end":{"line":12,"column":null}},"loc":{"start":{"line":12,"column":62},"end":{"line":45,"column":1}}},"2":{"name":"(anonymous_9)","decl":{"start":{"line":48,"column":31},"end":{"line":48,"column":38}},"loc":{"start":{"line":48,"column":62},"end":{"line":105,"column":2}}},"3":{"name":"(anonymous_10)","decl":{"start":{"line":48,"column":62},"end":{"line":48,"column":null}},"loc":{"start":{"line":48,"column":62},"end":{"line":105,"column":1}}},"4":{"name":"(anonymous_11)","decl":{"start":{"line":94,"column":44},"end":{"line":94,"column":45}},"loc":{"start":{"line":94,"column":49},"end":{"line":94,"column":60}}},"5":{"name":"(anonymous_12)","decl":{"start":{"line":108,"column":31},"end":{"line":108,"column":38}},"loc":{"start":{"line":108,"column":62},"end":{"line":150,"column":2}}},"6":{"name":"(anonymous_13)","decl":{"start":{"line":108,"column":62},"end":{"line":108,"column":null}},"loc":{"start":{"line":108,"column":62},"end":{"line":150,"column":1}}},"7":{"name":"(anonymous_14)","decl":{"start":{"line":128,"column":39},"end":{"line":128,"column":41}},"loc":{"start":{"line":128,"column":45},"end":{"line":128,"column":58}}},"8":{"name":"(anonymous_15)","decl":{"start":{"line":134,"column":37},"end":{"line":134,"column":39}},"loc":{"start":{"line":134,"column":43},"end":{"line":134,"column":56}}},"9":{"name":"(anonymous_16)","decl":{"start":{"line":140,"column":39},"end":{"line":140,"column":40}},"loc":{"start":{"line":140,"column":55},"end":{"line":140,"column":68}}},"10":{"name":"(anonymous_17)","decl":{"start":{"line":153,"column":28},"end":{"line":153,"column":35}},"loc":{"start":{"line":153,"column":59},"end":{"line":168,"column":2}}},"11":{"name":"(anonymous_18)","decl":{"start":{"line":153,"column":59},"end":{"line":153,"column":null}},"loc":{"start":{"line":153,"column":59},"end":{"line":168,"column":1}}},"12":{"name":"(anonymous_19)","decl":{"start":{"line":186,"column":32},"end":{"line":186,"column":39}},"loc":{"start":{"line":186,"column":63},"end":{"line":214,"column":2}}},"13":{"name":"(anonymous_20)","decl":{"start":{"line":186,"column":63},"end":{"line":186,"column":null}},"loc":{"start":{"line":186,"column":63},"end":{"line":214,"column":1}}},"14":{"name":"(anonymous_21)","decl":{"start":{"line":200,"column":18},"end":{"line":200,"column":21}},"loc":{"start":{"line":200,"column":24},"end":{"line":207,"column":3}}},"15":{"name":"(anonymous_22)","decl":{"start":{"line":201,"column":24},"end":{"line":201,"column":30}},"loc":{"start":{"line":201,"column":33},"end":{"line":206,"column":5}}}},"branchMap":{"0":{"loc":{"start":{"line":16,"column":2},"end":{"line":21,"column":3}},"type":"if","locations":[{"start":{"line":16,"column":2},"end":{"line":21,"column":3}}]},"1":{"loc":{"start":{"line":16,"column":6},"end":{"line":16,"column":21}},"type":"binary-expr","locations":[{"start":{"line":16,"column":6},"end":{"line":16,"column":12}},{"start":{"line":16,"column":16},"end":{"line":16,"column":21}}]},"2":{"loc":{"start":{"line":52,"column":2},"end":{"line":57,"column":3}},"type":"if","locations":[{"start":{"line":52,"column":2},"end":{"line":57,"column":3}}]},"3":{"loc":{"start":{"line":59,"column":2},"end":{"line":64,"column":3}},"type":"if","locations":[{"start":{"line":59,"column":2},"end":{"line":64,"column":3}}]},"4":{"loc":{"start":{"line":59,"column":6},"end":{"line":59,"column":97}},"type":"binary-expr","locations":[{"start":{"line":59,"column":6},"end":{"line":59,"column":27}},{"start":{"line":59,"column":31},"end":{"line":59,"column":74}},{"start":{"line":59,"column":78},"end":{"line":59,"column":97}}]},"5":{"loc":{"start":{"line":66,"column":2},"end":{"line":71,"column":3}},"type":"if","locations":[{"start":{"line":66,"column":2},"end":{"line":71,"column":3}}]},"6":{"loc":{"start":{"line":66,"column":6},"end":{"line":66,"column":21}},"type":"binary-expr","locations":[{"start":{"line":66,"column":6},"end":{"line":66,"column":12}},{"start":{"line":66,"column":16},"end":{"line":66,"column":21}}]},"7":{"loc":{"start":{"line":75,"column":11},"end":{"line":75,"column":38}},"type":"binary-expr","locations":[{"start":{"line":75,"column":11},"end":{"line":75,"column":16}},{"start":{"line":75,"column":20},"end":{"line":75,"column":38}}]},"8":{"loc":{"start":{"line":76,"column":10},"end":{"line":76,"column":35}},"type":"binary-expr","locations":[{"start":{"line":76,"column":10},"end":{"line":76,"column":14}},{"start":{"line":76,"column":18},"end":{"line":76,"column":35}}]},"9":{"loc":{"start":{"line":77,"column":10},"end":{"line":77,"column":35}},"type":"binary-expr","locations":[{"start":{"line":77,"column":10},"end":{"line":77,"column":14}},{"start":{"line":77,"column":18},"end":{"line":77,"column":35}}]},"10":{"loc":{"start":{"line":85,"column":2},"end":{"line":90,"column":3}},"type":"if","locations":[{"start":{"line":85,"column":2},"end":{"line":90,"column":3}}]},"11":{"loc":{"start":{"line":94,"column":22},"end":{"line":94,"column":61}},"type":"cond-expr","locations":[{"start":{"line":94,"column":32},"end":{"line":94,"column":34}},{"start":{"line":94,"column":32},"end":{"line":94,"column":61}}]},"12":{"loc":{"start":{"line":94,"column":22},"end":{"line":94,"column":34}},"type":"binary-expr","locations":[{"start":{"line":94,"column":22},"end":{"line":94,"column":34}},{"start":{"line":94,"column":32},"end":{"line":94,"column":34}}]},"13":{"loc":{"start":{"line":95,"column":4},"end":{"line":98,"column":5}},"type":"if","locations":[{"start":{"line":95,"column":4},"end":{"line":98,"column":5}}]},"14":{"loc":{"start":{"line":95,"column":8},"end":{"line":95,"column":63}},"type":"binary-expr","locations":[{"start":{"line":95,"column":8},"end":{"line":95,"column":31}},{"start":{"line":95,"column":35},"end":{"line":95,"column":49}},{"start":{"line":95,"column":53},"end":{"line":95,"column":63}}]},"15":{"loc":{"start":{"line":112,"column":2},"end":{"line":117,"column":3}},"type":"if","locations":[{"start":{"line":112,"column":2},"end":{"line":117,"column":3}}]},"16":{"loc":{"start":{"line":119,"column":2},"end":{"line":124,"column":3}},"type":"if","locations":[{"start":{"line":119,"column":2},"end":{"line":124,"column":3}}]},"17":{"loc":{"start":{"line":119,"column":6},"end":{"line":119,"column":81}},"type":"binary-expr","locations":[{"start":{"line":119,"column":6},"end":{"line":119,"column":27}},{"start":{"line":119,"column":31},"end":{"line":119,"column":66}},{"start":{"line":119,"column":70},"end":{"line":119,"column":81}}]},"18":{"loc":{"start":{"line":126,"column":37},"end":{"line":126,"column":55}},"type":"binary-expr","locations":[{"start":{"line":126,"column":37},"end":{"line":126,"column":49}},{"start":{"line":126,"column":53},"end":{"line":126,"column":55}}]},"19":{"loc":{"start":{"line":132,"column":35},"end":{"line":132,"column":52}},"type":"binary-expr","locations":[{"start":{"line":132,"column":35},"end":{"line":132,"column":46}},{"start":{"line":132,"column":50},"end":{"line":132,"column":52}}]},"20":{"loc":{"start":{"line":139,"column":2},"end":{"line":142,"column":3}},"type":"if","locations":[{"start":{"line":139,"column":2},"end":{"line":142,"column":3}}]},"21":{"loc":{"start":{"line":157,"column":2},"end":{"line":162,"column":3}},"type":"if","locations":[{"start":{"line":157,"column":2},"end":{"line":162,"column":3}}]},"22":{"loc":{"start":{"line":202,"column":6},"end":{"line":204,"column":7}},"type":"if","locations":[{"start":{"line":202,"column":6},"end":{"line":204,"column":7}}]}},"s":{"0":1,"1":1,"2":1,"3":1,"4":3,"5":3,"6":3,"7":3,"8":2,"9":1,"10":1,"11":1,"12":1,"13":1,"14":1,"15":1,"16":1,"17":6,"18":6,"19":6,"20":6,"21":0,"22":6,"23":1,"24":5,"25":2,"26":3,"27":3,"28":3,"29":3,"30":3,"31":0,"32":0,"33":0,"34":0,"35":0,"36":0,"37":0,"38":0,"39":1,"40":1,"41":4,"42":4,"43":4,"44":4,"45":0,"46":4,"47":1,"48":3,"49":3,"50":0,"51":0,"52":0,"53":3,"54":3,"55":0,"56":0,"57":0,"58":3,"59":3,"60":0,"61":0,"62":0,"63":3,"64":3,"65":1,"66":1,"67":2,"68":2,"69":2,"70":2,"71":0,"72":2,"73":1,"74":1,"75":1,"76":1,"77":1,"78":1,"79":1,"80":0,"81":0,"82":0,"83":0,"84":1,"85":1},"f":{"0":3,"1":3,"2":6,"3":6,"4":0,"5":4,"6":4,"7":0,"8":0,"9":0,"10":2,"11":2,"12":1,"13":1,"14":0,"15":0},"b":{"0":[2],"1":[3,2],"2":[0],"3":[1],"4":[6,6,2],"5":[2],"6":[5,4],"7":[3,0],"8":[3,0],"9":[3,0],"10":[3],"11":[0,0],"12":[0,0],"13":[0],"14":[0,0,0],"15":[0],"16":[1],"17":[4,4,2],"18":[3,0],"19":[3,3],"20":[0],"21":[0],"22":[0]}}
,"/mnt/c/users/mohan/vscode/capstone-project-2024-t3-3900h15amusketeers/flashcards/src/deckResolvers.ts": {"path":"/mnt/c/users/mohan/vscode/capstone-project-2024-t3-3900h15amusketeers/flashcards/src/deckResolvers.ts","statementMap":{"0":{"start":{"line":2,"column":0},"end":{"line":2,"column":71}},"1":{"start":{"line":7,"column":0},"end":{"line":7,"column":93}},"2":{"start":{"line":8,"column":0},"end":{"line":8,"column":89}},"3":{"start":{"line":12,"column":26},"end":{"line":46,"column":2}},"4":{"start":{"line":12,"column":57},"end":{"line":46,"column":2}},"5":{"start":{"line":13,"column":62},"end":{"line":13,"column":93}},"6":{"start":{"line":14,"column":22},"end":{"line":14,"column":43}},"7":{"start":{"line":16,"column":4},"end":{"line":21,"column":5}},"8":{"start":{"line":17,"column":8},"end":{"line":20,"column":10}},"9":{"start":{"line":23,"column":4},"end":{"line":23,"column":28}},"10":{"start":{"line":24,"column":17},"end":{"line":24,"column":45}},"11":{"start":{"line":26,"column":19},"end":{"line":26,"column":38}},"12":{"start":{"line":27,"column":23},"end":{"line":37,"column":6}},"13":{"start":{"line":39,"column":4},"end":{"line":39,"column":36}},"14":{"start":{"line":41,"column":4},"end":{"line":45,"column":6}},"15":{"start":{"line":12,"column":13},"end":{"line":12,"column":26}},"16":{"start":{"line":49,"column":26},"end":{"line":88,"column":2}},"17":{"start":{"line":49,"column":57},"end":{"line":88,"column":2}},"18":{"start":{"line":50,"column":53},"end":{"line":50,"column":72}},"19":{"start":{"line":52,"column":25},"end":{"line":52,"column":66}},"20":{"start":{"line":54,"column":4},"end":{"line":59,"column":5}},"21":{"start":{"line":55,"column":8},"end":{"line":58,"column":10}},"22":{"start":{"line":61,"column":4},"end":{"line":66,"column":5}},"23":{"start":{"line":62,"column":8},"end":{"line":65,"column":null}},"24":{"start":{"line":68,"column":4},"end":{"line":73,"column":5}},"25":{"start":{"line":69,"column":8},"end":{"line":72,"column":10}},"26":{"start":{"line":75,"column":21},"end":{"line":79,"column":null}},"27":{"start":{"line":82,"column":4},"end":{"line":82,"column":39}},"28":{"start":{"line":84,"column":4},"end":{"line":87,"column":6}},"29":{"start":{"line":49,"column":13},"end":{"line":49,"column":26}},"30":{"start":{"line":91,"column":26},"end":{"line":128,"column":2}},"31":{"start":{"line":91,"column":57},"end":{"line":128,"column":2}},"32":{"start":{"line":92,"column":23},"end":{"line":92,"column":34}},"33":{"start":{"line":94,"column":17},"end":{"line":94,"column":42}},"34":{"start":{"line":96,"column":4},"end":{"line":101,"column":5}},"35":{"start":{"line":97,"column":8},"end":{"line":100,"column":10}},"36":{"start":{"line":103,"column":4},"end":{"line":108,"column":5}},"37":{"start":{"line":104,"column":8},"end":{"line":107,"column":null}},"38":{"start":{"line":110,"column":17},"end":{"line":110,"column":55}},"39":{"start":{"line":111,"column":4},"end":{"line":114,"column":5}},"40":{"start":{"line":112,"column":8},"end":{"line":112,"column":62}},"41":{"start":{"line":112,"column":47},"end":{"line":112,"column":60}},"42":{"start":{"line":113,"column":8},"end":{"line":113,"column":39}},"43":{"start":{"line":116,"column":17},"end":{"line":116,"column":46}},"44":{"start":{"line":117,"column":4},"end":{"line":120,"column":5}},"45":{"start":{"line":118,"column":8},"end":{"line":118,"column":74}},"46":{"start":{"line":118,"column":59},"end":{"line":118,"column":72}},"47":{"start":{"line":119,"column":8},"end":{"line":119,"column":41}},"48":{"start":{"line":122,"column":4},"end":{"line":122,"column":33}},"49":{"start":{"line":124,"column":4},"end":{"line":127,"column":6}},"50":{"start":{"line":91,"column":13},"end":{"line":91,"column":26}},"51":{"start":{"line":131,"column":23},"end":{"line":147,"column":2}},"52":{"start":{"line":131,"column":54},"end":{"line":147,"column":2}},"53":{"start":{"line":132,"column":23},"end":{"line":132,"column":34}},"54":{"start":{"line":134,"column":17},"end":{"line":134,"column":62}},"55":{"start":{"line":136,"column":4},"end":{"line":141,"column":5}},"56":{"start":{"line":137,"column":8},"end":{"line":140,"column":10}},"57":{"start":{"line":143,"column":4},"end":{"line":146,"column":6}},"58":{"start":{"line":131,"column":13},"end":{"line":131,"column":23}},"59":{"start":{"line":166,"column":27},"end":{"line":194,"column":2}},"60":{"start":{"line":166,"column":58},"end":{"line":194,"column":2}},"61":{"start":{"line":167,"column":21},"end":{"line":167,"column":55}},"62":{"start":{"line":177,"column":20},"end":{"line":177,"column":53}},"63":{"start":{"line":179,"column":43},"end":{"line":179,"column":45}},"64":{"start":{"line":180,"column":4},"end":{"line":187,"column":7}},"65":{"start":{"line":181,"column":8},"end":{"line":186,"column":11}},"66":{"start":{"line":182,"column":12},"end":{"line":184,"column":13}},"67":{"start":{"line":183,"column":16},"end":{"line":183,"column":37}},"68":{"start":{"line":185,"column":12},"end":{"line":185,"column":38}},"69":{"start":{"line":189,"column":4},"end":{"line":193,"column":6}},"70":{"start":{"line":166,"column":13},"end":{"line":166,"column":27}},"71":{"start":{"line":196,"column":29},"end":{"line":233,"column":2}},"72":{"start":{"line":196,"column":60},"end":{"line":233,"column":2}},"73":{"start":{"line":197,"column":31},"end":{"line":197,"column":42}},"74":{"start":{"line":199,"column":17},"end":{"line":199,"column":62}},"75":{"start":{"line":200,"column":17},"end":{"line":200,"column":62}},"76":{"start":{"line":202,"column":4},"end":{"line":207,"column":5}},"77":{"start":{"line":203,"column":8},"end":{"line":206,"column":10}},"78":{"start":{"line":209,"column":4},"end":{"line":214,"column":5}},"79":{"start":{"line":210,"column":8},"end":{"line":213,"column":10}},"80":{"start":{"line":216,"column":4},"end":{"line":221,"column":5}},"81":{"start":{"line":217,"column":8},"end":{"line":220,"column":null}},"82":{"start":{"line":223,"column":4},"end":{"line":223,"column":47}},"83":{"start":{"line":224,"column":4},"end":{"line":224,"column":53}},"84":{"start":{"line":225,"column":4},"end":{"line":225,"column":53}},"85":{"start":{"line":227,"column":4},"end":{"line":227,"column":36}},"86":{"start":{"line":229,"column":4},"end":{"line":232,"column":6}},"87":{"start":{"line":196,"column":13},"end":{"line":196,"column":29}},"88":{"start":{"line":236,"column":34},"end":{"line":266,"column":2}},"89":{"start":{"line":236,"column":65},"end":{"line":266,"column":2}},"90":{"start":{"line":237,"column":31},"end":{"line":237,"column":42}},"91":{"start":{"line":239,"column":17},"end":{"line":239,"column":62}},"92":{"start":{"line":240,"column":17},"end":{"line":240,"column":62}},"93":{"start":{"line":242,"column":4},"end":{"line":247,"column":5}},"94":{"start":{"line":243,"column":8},"end":{"line":246,"column":10}},"95":{"start":{"line":249,"column":4},"end":{"line":254,"column":5}},"96":{"start":{"line":250,"column":8},"end":{"line":253,"column":null}},"97":{"start":{"line":256,"column":4},"end":{"line":256,"column":64}},"98":{"start":{"line":256,"column":41},"end":{"line":256,"column":56}},"99":{"start":{"line":257,"column":4},"end":{"line":257,"column":67}},"100":{"start":{"line":257,"column":46},"end":{"line":257,"column":59}},"101":{"start":{"line":258,"column":4},"end":{"line":258,"column":67}},"102":{"start":{"line":258,"column":46},"end":{"line":258,"column":59}},"103":{"start":{"line":260,"column":4},"end":{"line":260,"column":36}},"104":{"start":{"line":262,"column":4},"end":{"line":265,"column":6}},"105":{"start":{"line":236,"column":13},"end":{"line":236,"column":34}}},"fnMap":{"0":{"name":"(anonymous_7)","decl":{"start":{"line":12,"column":26},"end":{"line":12,"column":33}},"loc":{"start":{"line":12,"column":57},"end":{"line":46,"column":2}}},"1":{"name":"(anonymous_8)","decl":{"start":{"line":12,"column":57},"end":{"line":12,"column":null}},"loc":{"start":{"line":12,"column":57},"end":{"line":46,"column":1}}},"2":{"name":"(anonymous_9)","decl":{"start":{"line":49,"column":26},"end":{"line":49,"column":33}},"loc":{"start":{"line":49,"column":57},"end":{"line":88,"column":2}}},"3":{"name":"(anonymous_10)","decl":{"start":{"line":49,"column":57},"end":{"line":49,"column":null}},"loc":{"start":{"line":49,"column":57},"end":{"line":88,"column":1}}},"4":{"name":"(anonymous_11)","decl":{"start":{"line":91,"column":26},"end":{"line":91,"column":33}},"loc":{"start":{"line":91,"column":57},"end":{"line":128,"column":2}}},"5":{"name":"(anonymous_12)","decl":{"start":{"line":91,"column":57},"end":{"line":91,"column":null}},"loc":{"start":{"line":91,"column":57},"end":{"line":128,"column":1}}},"6":{"name":"(anonymous_13)","decl":{"start":{"line":112,"column":41},"end":{"line":112,"column":43}},"loc":{"start":{"line":112,"column":47},"end":{"line":112,"column":60}}},"7":{"name":"(anonymous_14)","decl":{"start":{"line":118,"column":43},"end":{"line":118,"column":44}},"loc":{"start":{"line":118,"column":59},"end":{"line":118,"column":72}}},"8":{"name":"(anonymous_15)","decl":{"start":{"line":131,"column":23},"end":{"line":131,"column":30}},"loc":{"start":{"line":131,"column":54},"end":{"line":147,"column":2}}},"9":{"name":"(anonymous_16)","decl":{"start":{"line":131,"column":54},"end":{"line":131,"column":null}},"loc":{"start":{"line":131,"column":54},"end":{"line":147,"column":1}}},"10":{"name":"(anonymous_17)","decl":{"start":{"line":166,"column":27},"end":{"line":166,"column":34}},"loc":{"start":{"line":166,"column":58},"end":{"line":194,"column":2}}},"11":{"name":"(anonymous_18)","decl":{"start":{"line":166,"column":58},"end":{"line":166,"column":null}},"loc":{"start":{"line":166,"column":58},"end":{"line":194,"column":1}}},"12":{"name":"(anonymous_19)","decl":{"start":{"line":180,"column":20},"end":{"line":180,"column":23}},"loc":{"start":{"line":180,"column":26},"end":{"line":187,"column":5}}},"13":{"name":"(anonymous_20)","decl":{"start":{"line":181,"column":28},"end":{"line":181,"column":34}},"loc":{"start":{"line":181,"column":37},"end":{"line":186,"column":9}}},"14":{"name":"(anonymous_21)","decl":{"start":{"line":196,"column":29},"end":{"line":196,"column":36}},"loc":{"start":{"line":196,"column":60},"end":{"line":233,"column":2}}},"15":{"name":"(anonymous_22)","decl":{"start":{"line":196,"column":60},"end":{"line":196,"column":null}},"loc":{"start":{"line":196,"column":60},"end":{"line":233,"column":1}}},"16":{"name":"(anonymous_23)","decl":{"start":{"line":236,"column":34},"end":{"line":236,"column":41}},"loc":{"start":{"line":236,"column":65},"end":{"line":266,"column":2}}},"17":{"name":"(anonymous_24)","decl":{"start":{"line":236,"column":65},"end":{"line":236,"column":null}},"loc":{"start":{"line":236,"column":65},"end":{"line":266,"column":1}}},"18":{"name":"(anonymous_25)","decl":{"start":{"line":256,"column":36},"end":{"line":256,"column":37}},"loc":{"start":{"line":256,"column":41},"end":{"line":256,"column":56}}},"19":{"name":"(anonymous_26)","decl":{"start":{"line":257,"column":40},"end":{"line":257,"column":42}},"loc":{"start":{"line":257,"column":46},"end":{"line":257,"column":59}}},"20":{"name":"(anonymous_27)","decl":{"start":{"line":258,"column":40},"end":{"line":258,"column":42}},"loc":{"start":{"line":258,"column":46},"end":{"line":258,"column":59}}}},"branchMap":{"0":{"loc":{"start":{"line":16,"column":4},"end":{"line":21,"column":5}},"type":"if","locations":[{"start":{"line":16,"column":4},"end":{"line":21,"column":5}}]},"1":{"loc":{"start":{"line":16,"column":8},"end":{"line":16,"column":28}},"type":"binary-expr","locations":[{"start":{"line":16,"column":8},"end":{"line":16,"column":14}},{"start":{"line":16,"column":18},"end":{"line":16,"column":28}}]},"2":{"loc":{"start":{"line":33,"column":15},"end":{"line":33,"column":31}},"type":"binary-expr","locations":[{"start":{"line":33,"column":15},"end":{"line":33,"column":25}},{"start":{"line":33,"column":29},"end":{"line":33,"column":31}}]},"3":{"loc":{"start":{"line":54,"column":4},"end":{"line":59,"column":5}},"type":"if","locations":[{"start":{"line":54,"column":4},"end":{"line":59,"column":5}}]},"4":{"loc":{"start":{"line":61,"column":4},"end":{"line":66,"column":5}},"type":"if","locations":[{"start":{"line":61,"column":4},"end":{"line":66,"column":5}}]},"5":{"loc":{"start":{"line":61,"column":8},"end":{"line":61,"column":99}},"type":"binary-expr","locations":[{"start":{"line":61,"column":8},"end":{"line":61,"column":29}},{"start":{"line":61,"column":33},"end":{"line":61,"column":76}},{"start":{"line":61,"column":80},"end":{"line":61,"column":99}}]},"6":{"loc":{"start":{"line":68,"column":4},"end":{"line":73,"column":5}},"type":"if","locations":[{"start":{"line":68,"column":4},"end":{"line":73,"column":5}}]},"7":{"loc":{"start":{"line":77,"column":15},"end":{"line":77,"column":42}},"type":"binary-expr","locations":[{"start":{"line":77,"column":15},"end":{"line":77,"column":20}},{"start":{"line":77,"column":24},"end":{"line":77,"column":42}}]},"8":{"loc":{"start":{"line":78,"column":21},"end":{"line":78,"column":60}},"type":"binary-expr","locations":[{"start":{"line":78,"column":21},"end":{"line":78,"column":32}},{"start":{"line":78,"column":36},"end":{"line":78,"column":60}}]},"9":{"loc":{"start":{"line":79,"column":15},"end":{"line":79,"column":42}},"type":"binary-expr","locations":[{"start":{"line":79,"column":15},"end":{"line":79,"column":20}},{"start":{"line":79,"column":24},"end":{"line":79,"column":42}}]},"10":{"loc":{"start":{"line":96,"column":4},"end":{"line":101,"column":5}},"type":"if","locations":[{"start":{"line":96,"column":4},"end":{"line":101,"column":5}}]},"11":{"loc":{"start":{"line":103,"column":4},"end":{"line":108,"column":5}},"type":"if","locations":[{"start":{"line":103,"column":4},"end":{"line":108,"column":5}}]},"12":{"loc":{"start":{"line":103,"column":8},"end":{"line":103,"column":83}},"type":"binary-expr","locations":[{"start":{"line":103,"column":8},"end":{"line":103,"column":29}},{"start":{"line":103,"column":33},"end":{"line":103,"column":68}},{"start":{"line":103,"column":72},"end":{"line":103,"column":83}}]},"13":{"loc":{"start":{"line":110,"column":37},"end":{"line":110,"column":54}},"type":"binary-expr","locations":[{"start":{"line":110,"column":37},"end":{"line":110,"column":48}},{"start":{"line":110,"column":52},"end":{"line":110,"column":54}}]},"14":{"loc":{"start":{"line":117,"column":4},"end":{"line":120,"column":5}},"type":"if","locations":[{"start":{"line":117,"column":4},"end":{"line":120,"column":5}}]},"15":{"loc":{"start":{"line":136,"column":4},"end":{"line":141,"column":5}},"type":"if","locations":[{"start":{"line":136,"column":4},"end":{"line":141,"column":5}}]},"16":{"loc":{"start":{"line":182,"column":12},"end":{"line":184,"column":13}},"type":"if","locations":[{"start":{"line":182,"column":12},"end":{"line":184,"column":13}}]},"17":{"loc":{"start":{"line":202,"column":4},"end":{"line":207,"column":5}},"type":"if","locations":[{"start":{"line":202,"column":4},"end":{"line":207,"column":5}}]},"18":{"loc":{"start":{"line":202,"column":8},"end":{"line":202,"column":22}},"type":"binary-expr","locations":[{"start":{"line":202,"column":8},"end":{"line":202,"column":13}},{"start":{"line":202,"column":17},"end":{"line":202,"column":22}}]},"19":{"loc":{"start":{"line":209,"column":4},"end":{"line":214,"column":5}},"type":"if","locations":[{"start":{"line":209,"column":4},"end":{"line":214,"column":5}}]},"20":{"loc":{"start":{"line":209,"column":8},"end":{"line":209,"column":53}},"type":"binary-expr","locations":[{"start":{"line":209,"column":8},"end":{"line":209,"column":20}},{"start":{"line":209,"column":24},"end":{"line":209,"column":53}}]},"21":{"loc":{"start":{"line":216,"column":4},"end":{"line":221,"column":5}},"type":"if","locations":[{"start":{"line":216,"column":4},"end":{"line":221,"column":5}}]},"22":{"loc":{"start":{"line":216,"column":8},"end":{"line":216,"column":83}},"type":"binary-expr","locations":[{"start":{"line":216,"column":8},"end":{"line":216,"column":29}},{"start":{"line":216,"column":33},"end":{"line":216,"column":68}},{"start":{"line":216,"column":72},"end":{"line":216,"column":83}}]},"23":{"loc":{"start":{"line":223,"column":22},"end":{"line":223,"column":38}},"type":"binary-expr","locations":[{"start":{"line":223,"column":22},"end":{"line":223,"column":32}},{"start":{"line":223,"column":36},"end":{"line":223,"column":38}}]},"24":{"loc":{"start":{"line":224,"column":24},"end":{"line":224,"column":42}},"type":"binary-expr","locations":[{"start":{"line":224,"column":24},"end":{"line":224,"column":36}},{"start":{"line":224,"column":40},"end":{"line":224,"column":42}}]},"25":{"loc":{"start":{"line":225,"column":24},"end":{"line":225,"column":42}},"type":"binary-expr","locations":[{"start":{"line":225,"column":24},"end":{"line":225,"column":36}},{"start":{"line":225,"column":40},"end":{"line":225,"column":42}}]},"26":{"loc":{"start":{"line":242,"column":4},"end":{"line":247,"column":5}},"type":"if","locations":[{"start":{"line":242,"column":4},"end":{"line":247,"column":5}}]},"27":{"loc":{"start":{"line":242,"column":8},"end":{"line":242,"column":22}},"type":"binary-expr","locations":[{"start":{"line":242,"column":8},"end":{"line":242,"column":13}},{"start":{"line":242,"column":17},"end":{"line":242,"column":22}}]},"28":{"loc":{"start":{"line":249,"column":4},"end":{"line":254,"column":5}},"type":"if","locations":[{"start":{"line":249,"column":4},"end":{"line":254,"column":5}}]},"29":{"loc":{"start":{"line":249,"column":8},"end":{"line":249,"column":83}},"type":"binary-expr","locations":[{"start":{"line":249,"column":8},"end":{"line":249,"column":29}},{"start":{"line":249,"column":33},"end":{"line":249,"column":68}},{"start":{"line":249,"column":72},"end":{"line":249,"column":83}}]},"30":{"loc":{"start":{"line":256,"column":17},"end":{"line":256,"column":63}},"type":"binary-expr","locations":[{"start":{"line":256,"column":17},"end":{"line":256,"column":57}},{"start":{"line":256,"column":61},"end":{"line":256,"column":63}}]},"31":{"loc":{"start":{"line":256,"column":17},"end":{"line":256,"column":57}},"type":"cond-expr","locations":[{"start":{"line":256,"column":27},"end":{"line":256,"column":29}},{"start":{"line":256,"column":27},"end":{"line":256,"column":57}}]},"32":{"loc":{"start":{"line":256,"column":17},"end":{"line":256,"column":29}},"type":"binary-expr","locations":[{"start":{"line":256,"column":17},"end":{"line":256,"column":29}},{"start":{"line":256,"column":27},"end":{"line":256,"column":29}}]},"33":{"loc":{"start":{"line":257,"column":19},"end":{"line":257,"column":66}},"type":"binary-expr","locations":[{"start":{"line":257,"column":19},"end":{"line":257,"column":60}},{"start":{"line":257,"column":64},"end":{"line":257,"column":66}}]},"34":{"loc":{"start":{"line":257,"column":19},"end":{"line":257,"column":60}},"type":"cond-expr","locations":[{"start":{"line":257,"column":31},"end":{"line":257,"column":33}},{"start":{"line":257,"column":31},"end":{"line":257,"column":60}}]},"35":{"loc":{"start":{"line":257,"column":19},"end":{"line":257,"column":33}},"type":"binary-expr","locations":[{"start":{"line":257,"column":19},"end":{"line":257,"column":33}},{"start":{"line":257,"column":31},"end":{"line":257,"column":33}}]},"36":{"loc":{"start":{"line":258,"column":19},"end":{"line":258,"column":66}},"type":"binary-expr","locations":[{"start":{"line":258,"column":19},"end":{"line":258,"column":60}},{"start":{"line":258,"column":64},"end":{"line":258,"column":66}}]},"37":{"loc":{"start":{"line":258,"column":19},"end":{"line":258,"column":60}},"type":"cond-expr","locations":[{"start":{"line":258,"column":31},"end":{"line":258,"column":33}},{"start":{"line":258,"column":31},"end":{"line":258,"column":60}}]},"38":{"loc":{"start":{"line":258,"column":19},"end":{"line":258,"column":33}},"type":"binary-expr","locations":[{"start":{"line":258,"column":19},"end":{"line":258,"column":33}},{"start":{"line":258,"column":31},"end":{"line":258,"column":33}}]}},"s":{"0":1,"1":1,"2":1,"3":1,"4":2,"5":2,"6":2,"7":2,"8":1,"9":1,"10":1,"11":1,"12":1,"13":1,"14":1,"15":1,"16":1,"17":5,"18":5,"19":5,"20":5,"21":0,"22":5,"23":1,"24":4,"25":1,"26":3,"27":3,"28":3,"29":1,"30":1,"31":4,"32":4,"33":4,"34":4,"35":0,"36":4,"37":1,"38":3,"39":3,"40":0,"41":0,"42":0,"43":3,"44":3,"45":0,"46":0,"47":0,"48":3,"49":3,"50":1,"51":1,"52":2,"53":2,"54":2,"55":2,"56":0,"57":2,"58":1,"59":1,"60":1,"61":1,"62":1,"63":1,"64":1,"65":0,"66":0,"67":0,"68":0,"69":1,"70":1,"71":1,"72":3,"73":3,"74":3,"75":3,"76":3,"77":0,"78":3,"79":1,"80":2,"81":1,"82":1,"83":1,"84":1,"85":1,"86":1,"87":1,"88":1,"89":2,"90":2,"91":2,"92":2,"93":2,"94":0,"95":2,"96":1,"97":1,"98":1,"99":1,"100":1,"101":1,"102":1,"103":1,"104":1,"105":1},"f":{"0":2,"1":2,"2":5,"3":5,"4":4,"5":4,"6":0,"7":0,"8":2,"9":2,"10":1,"11":1,"12":0,"13":0,"14":3,"15":3,"16":2,"17":2,"18":1,"19":1,"20":1},"b":{"0":[1],"1":[2,1],"2":[1,0],"3":[0],"4":[1],"5":[5,5,2],"6":[1],"7":[3,0],"8":[3,0],"9":[3,0],"10":[0],"11":[1],"12":[4,4,2],"13":[3,3],"14":[0],"15":[0],"16":[0],"17":[0],"18":[3,3],"19":[1],"20":[3,3],"21":[1],"22":[2,2,1],"23":[1,0],"24":[1,0],"25":[1,0],"26":[0],"27":[2,2],"28":[1],"29":[2,2,1],"30":[1,0],"31":[0,1],"32":[1,1],"33":[1,0],"34":[0,1],"35":[1,1],"36":[1,0],"37":[0,1],"38":[1,1]}}
}
