TN:
SF:cardResolvers.ts
FN:12,(anonymous_7)
FN:12,(anonymous_8)
FN:48,(anonymous_9)
FN:48,(anonymous_10)
FN:94,(anonymous_11)
FN:108,(anonymous_12)
FN:108,(anonymous_13)
FN:128,(anonymous_14)
FN:134,(anonymous_15)
FN:140,(anonymous_16)
FN:153,(anonymous_17)
FN:153,(anonymous_18)
FN:186,(anonymous_19)
FN:186,(anonymous_20)
FN:200,(anonymous_21)
FN:201,(anonymous_22)
FNF:16
FNH:8
FNDA:3,(anonymous_7)
FNDA:3,(anonymous_8)
FNDA:6,(anonymous_9)
FNDA:6,(anonymous_10)
FNDA:0,(anonymous_11)
FNDA:8,(anonymous_12)
FNDA:8,(anonymous_13)
FNDA:0,(anonymous_14)
FNDA:0,(anonymous_15)
FNDA:0,(anonymous_16)
FNDA:4,(anonymous_17)
FNDA:4,(anonymous_18)
FNDA:0,(anonymous_19)
FNDA:0,(anonymous_20)
FNDA:0,(anonymous_21)
FNDA:0,(anonymous_22)
DA:2,2
DA:7,2
DA:8,2
DA:12,3
DA:13,3
DA:14,3
DA:16,3
DA:17,2
DA:24,1
DA:25,1
DA:27,1
DA:28,1
DA:38,1
DA:40,1
DA:48,6
DA:49,6
DA:51,6
DA:52,6
DA:53,0
DA:59,6
DA:60,1
DA:66,5
DA:67,2
DA:73,3
DA:80,3
DA:84,3
DA:85,3
DA:86,3
DA:92,0
DA:93,0
DA:94,0
DA:95,0
DA:96,0
DA:97,0
DA:101,0
DA:108,8
DA:109,8
DA:111,8
DA:112,8
DA:113,0
DA:119,8
DA:120,2
DA:126,6
DA:127,6
DA:128,0
DA:129,0
DA:132,6
DA:133,6
DA:134,0
DA:135,0
DA:138,6
DA:139,6
DA:140,0
DA:141,0
DA:144,6
DA:146,6
DA:153,4
DA:154,4
DA:156,4
DA:157,4
DA:158,0
DA:164,4
DA:186,2
DA:187,0
DA:197,0
DA:199,0
DA:200,0
DA:201,0
DA:202,0
DA:203,0
DA:205,0
DA:209,0
LF:72
LH:47
BRDA:16,0,0,2
BRDA:16,1,0,3
BRDA:16,1,1,2
BRDA:52,2,0,0
BRDA:59,3,0,1
BRDA:59,4,0,6
BRDA:59,4,1,6
BRDA:59,4,2,2
BRDA:66,5,0,2
BRDA:66,6,0,5
BRDA:66,6,1,4
BRDA:75,7,0,3
BRDA:75,7,1,0
BRDA:76,8,0,3
BRDA:76,8,1,0
BRDA:77,9,0,3
BRDA:77,9,1,0
BRDA:85,10,0,3
BRDA:94,11,0,0
BRDA:94,11,1,0
BRDA:94,12,0,0
BRDA:94,12,1,0
BRDA:95,13,0,0
BRDA:95,14,0,0
BRDA:95,14,1,0
BRDA:95,14,2,0
BRDA:112,15,0,0
BRDA:119,16,0,2
BRDA:119,17,0,8
BRDA:119,17,1,8
BRDA:119,17,2,4
BRDA:126,18,0,6
BRDA:126,18,1,3
BRDA:132,19,0,6
BRDA:132,19,1,6
BRDA:139,20,0,0
BRDA:157,21,0,0
BRDA:202,22,0,0
BRF:38
BRH:22
end_of_record
TN:
SF:deckResolvers.ts
FN:12,(anonymous_7)
FN:12,(anonymous_8)
FN:49,(anonymous_9)
FN:49,(anonymous_10)
FN:91,(anonymous_11)
FN:91,(anonymous_12)
FN:112,(anonymous_13)
FN:118,(anonymous_14)
FN:131,(anonymous_15)
FN:131,(anonymous_16)
FN:166,(anonymous_17)
FN:166,(anonymous_18)
FN:180,(anonymous_19)
FN:181,(anonymous_20)
FN:196,(anonymous_21)
FN:196,(anonymous_22)
FN:236,(anonymous_23)
FN:236,(anonymous_24)
FN:256,(anonymous_25)
FN:257,(anonymous_26)
FN:258,(anonymous_27)
FNF:21
FNH:4
FNDA:2,(anonymous_7)
FNDA:2,(anonymous_8)
FNDA:5,(anonymous_9)
FNDA:5,(anonymous_10)
FNDA:0,(anonymous_11)
FNDA:0,(anonymous_12)
FNDA:0,(anonymous_13)
FNDA:0,(anonymous_14)
FNDA:0,(anonymous_15)
FNDA:0,(anonymous_16)
FNDA:0,(anonymous_17)
FNDA:0,(anonymous_18)
FNDA:0,(anonymous_19)
FNDA:0,(anonymous_20)
FNDA:0,(anonymous_21)
FNDA:0,(anonymous_22)
FNDA:0,(anonymous_23)
FNDA:0,(anonymous_24)
FNDA:0,(anonymous_25)
FNDA:0,(anonymous_26)
FNDA:0,(anonymous_27)
DA:2,1
DA:7,1
DA:8,1
DA:12,2
DA:13,2
DA:14,2
DA:16,2
DA:17,1
DA:23,1
DA:24,1
DA:26,1
DA:27,1
DA:39,1
DA:41,1
DA:49,5
DA:50,5
DA:52,5
DA:54,5
DA:55,0
DA:61,5
DA:62,1
DA:68,4
DA:69,1
DA:75,3
DA:82,3
DA:84,3
DA:91,1
DA:92,0
DA:94,0
DA:96,0
DA:97,0
DA:103,0
DA:104,0
DA:110,0
DA:111,0
DA:112,0
DA:113,0
DA:116,0
DA:117,0
DA:118,0
DA:119,0
DA:122,0
DA:124,0
DA:131,1
DA:132,0
DA:134,0
DA:136,0
DA:137,0
DA:143,0
DA:166,1
DA:167,0
DA:177,0
DA:179,0
DA:180,0
DA:181,0
DA:182,0
DA:183,0
DA:185,0
DA:189,0
DA:196,1
DA:197,0
DA:199,0
DA:200,0
DA:202,0
DA:203,0
DA:209,0
DA:210,0
DA:216,0
DA:217,0
DA:223,0
DA:224,0
DA:225,0
DA:227,0
DA:229,0
DA:236,1
DA:237,0
DA:239,0
DA:240,0
DA:242,0
DA:243,0
DA:249,0
DA:250,0
DA:256,0
DA:257,0
DA:258,0
DA:260,0
DA:262,0
LF:87
LH:30
BRDA:16,0,0,1
BRDA:16,1,0,2
BRDA:16,1,1,1
BRDA:33,2,0,1
BRDA:33,2,1,0
BRDA:54,3,0,0
BRDA:61,4,0,1
BRDA:61,5,0,5
BRDA:61,5,1,5
BRDA:61,5,2,2
BRDA:68,6,0,1
BRDA:77,7,0,3
BRDA:77,7,1,0
BRDA:78,8,0,3
BRDA:78,8,1,0
BRDA:79,9,0,3
BRDA:79,9,1,0
BRDA:96,10,0,0
BRDA:103,11,0,0
BRDA:103,12,0,0
BRDA:103,12,1,0
BRDA:103,12,2,0
BRDA:110,13,0,0
BRDA:110,13,1,0
BRDA:117,14,0,0
BRDA:136,15,0,0
BRDA:182,16,0,0
BRDA:202,17,0,0
BRDA:202,18,0,0
BRDA:202,18,1,0
BRDA:209,19,0,0
BRDA:209,20,0,0
BRDA:209,20,1,0
BRDA:216,21,0,0
BRDA:216,22,0,0
BRDA:216,22,1,0
BRDA:216,22,2,0
BRDA:223,23,0,0
BRDA:223,23,1,0
BRDA:224,24,0,0
BRDA:224,24,1,0
BRDA:225,25,0,0
BRDA:225,25,1,0
BRDA:242,26,0,0
BRDA:242,27,0,0
BRDA:242,27,1,0
BRDA:249,28,0,0
BRDA:249,29,0,0
BRDA:249,29,1,0
BRDA:249,29,2,0
BRDA:256,30,0,0
BRDA:256,30,1,0
BRDA:256,31,0,0
BRDA:256,31,1,0
BRDA:256,32,0,0
BRDA:256,32,1,0
BRDA:257,33,0,0
BRDA:257,33,1,0
BRDA:257,34,0,0
BRDA:257,34,1,0
BRDA:257,35,0,0
BRDA:257,35,1,0
BRDA:258,36,0,0
BRDA:258,36,1,0
BRDA:258,37,0,0
BRDA:258,37,1,0
BRDA:258,38,0,0
BRDA:258,38,1,0
BRF:68
BRH:12
end_of_record
